{"name": "Тест на открытие истории заказов", "status": "broken", "statusDetails": {"message": "selenium.common.exceptions.TimeoutException: Message: \nStacktrace:\n#0 0x5d95bcadec7a <unknown>\n#1 0x5d95bc7c1e2c <unknown>\n#2 0x5d95bc80e661 <unknown>\n#3 0x5d95bc80e751 <unknown>\n#4 0x5d95bc852f64 <unknown>\n#5 0x5d95bc8315ed <unknown>\n#6 0x5d95bc850303 <unknown>\n#7 0x5d95bc831363 <unknown>\n#8 0x5d95bc801247 <unknown>\n#9 0x5d95bc801b9e <unknown>\n#10 0x5d95bcaa524b <unknown>\n#11 0x5d95bcaa92f1 <unknown>\n#12 0x5d95bca90afe <unknown>\n#13 0x5d95bcaa9e52 <unknown>\n#14 0x5d95bca7579f <unknown>\n#15 0x5d95bcace638 <unknown>\n#16 0x5d95bcace810 <unknown>\n#17 0x5d95bcadddac <unknown>\n#18 0x7cb85b29ca94 <unknown>\n#19 0x7cb85b329c3c <unknown>", "trace": "self = <tests.test_personal_account.TestPersonalAccount object at 0x79ec14414c20>\ncreate_user_and_authorization = ('oleqrezni4enko@yandex.ru', 'olegoleg', 'Bearer eyJhbGciOiJIUzI1NiIsInR5cCI6IkpXVCJ9.eyJpZCI6IjY2YmE4MjM2OWVkMjgwMDAxYjQ4ZDNjMCIsImlhdCI6MTcyMzQ5OTA2MiwiZXhwIjoxNzIzNTAwMjYyfQ.RfmI50olNV3eFXjv-nY0ps8Ho4OrExDium8jETIbrpI')\ndriver = <selenium.webdriver.chrome.webdriver.WebDriver (session=\"3cdb87fef1e5e8ca61dfcc51f229b258\")>\n\n    @allure.title('Тест на открытие истории заказов')\n    def test_open_history_orders_page(self, create_user_and_authorization, driver):\n        personal_acc_page = PersonalAccountPage(driver)\n        personal_acc_page.open_personal_account_page()\n>       personal_acc_page.click_button_history()\n\ntests/test_personal_account.py:17: \n_ _ _ _ _ _ _ _ _ _ _ _ _ _ _ _ _ _ _ _ _ _ _ _ _ _ _ _ _ _ _ _ _ _ _ _ _ _ _ _ _ _ _ _ _ _ _ _ _ _ _ _ _ _ _ _ _ _ _ _ _ _ _ _ _ _ _ _ _ _ _ _ _ _ _ _ _ _ _ _ _ _ _ _ _ _ _ _ _ _ _ _ _ _ _ _ _ _ _ _ _ _ _ _ _ _ _ _ _ _ _ _ \npages/personal_account_page.py:26: in click_button_history\n    self.click_to_element(locator=PersonalAccountLocators.HISTORY_ORDERS_BUTTON)\npages/base_page.py:18: in click_to_element\n    self.wait.until(ec.element_to_be_clickable(locator)).click()\n_ _ _ _ _ _ _ _ _ _ _ _ _ _ _ _ _ _ _ _ _ _ _ _ _ _ _ _ _ _ _ _ _ _ _ _ _ _ _ _ _ _ _ _ _ _ _ _ _ _ _ _ _ _ _ _ _ _ _ _ _ _ _ _ _ _ _ _ _ _ _ _ _ _ _ _ _ _ _ _ _ _ _ _ _ _ _ _ _ _ _ _ _ _ _ _ _ _ _ _ _ _ _ _ _ _ _ _ _ _ _ _ \n\nself = <selenium.webdriver.support.wait.WebDriverWait (session=\"3cdb87fef1e5e8ca61dfcc51f229b258\")>, method = <function element_to_be_clickable.<locals>._predicate at 0x79ec1440f4c0>, message = ''\n\n    def until(self, method: Callable[[D], Union[Literal[False], T]], message: str = \"\") -> T:\n        \"\"\"Calls the method provided with the driver as an argument until the \\\n        return value does not evaluate to ``False``.\n    \n        :param method: callable(WebDriver)\n        :param message: optional message for :exc:`TimeoutException`\n        :returns: the result of the last call to `method`\n        :raises: :exc:`selenium.common.exceptions.TimeoutException` if timeout occurs\n        \"\"\"\n        screen = None\n        stacktrace = None\n    \n        end_time = time.monotonic() + self._timeout\n        while True:\n            try:\n                value = method(self._driver)\n                if value:\n                    return value\n            except self._ignored_exceptions as exc:\n                screen = getattr(exc, \"screen\", None)\n                stacktrace = getattr(exc, \"stacktrace\", None)\n            time.sleep(self._poll)\n            if time.monotonic() > end_time:\n                break\n>       raise TimeoutException(message, screen, stacktrace)\nE       selenium.common.exceptions.TimeoutException: Message: \nE       Stacktrace:\nE       #0 0x5d95bcadec7a <unknown>\nE       #1 0x5d95bc7c1e2c <unknown>\nE       #2 0x5d95bc80e661 <unknown>\nE       #3 0x5d95bc80e751 <unknown>\nE       #4 0x5d95bc852f64 <unknown>\nE       #5 0x5d95bc8315ed <unknown>\nE       #6 0x5d95bc850303 <unknown>\nE       #7 0x5d95bc831363 <unknown>\nE       #8 0x5d95bc801247 <unknown>\nE       #9 0x5d95bc801b9e <unknown>\nE       #10 0x5d95bcaa524b <unknown>\nE       #11 0x5d95bcaa92f1 <unknown>\nE       #12 0x5d95bca90afe <unknown>\nE       #13 0x5d95bcaa9e52 <unknown>\nE       #14 0x5d95bca7579f <unknown>\nE       #15 0x5d95bcace638 <unknown>\nE       #16 0x5d95bcace810 <unknown>\nE       #17 0x5d95bcadddac <unknown>\nE       #18 0x7cb85b29ca94 <unknown>\nE       #19 0x7cb85b329c3c <unknown>\n\n.venv/lib/python3.12/site-packages/selenium/webdriver/support/wait.py:105: TimeoutException"}, "start": 1723499119169, "stop": 1723499129836, "uuid": "7be20bdd-640a-462c-a61f-6f05ce39b449", "historyId": "e2adbe99134f41900ed7b18f846164e6", "testCaseId": "e2adbe99134f41900ed7b18f846164e6", "fullName": "tests.test_personal_account.TestPersonalAccount#test_open_history_orders_page", "labels": [{"name": "epic", "value": "Группа тестов на страницу персональных данных"}, {"name": "parentSuite", "value": "tests"}, {"name": "suite", "value": "test_personal_account"}, {"name": "subSuite", "value": "TestPersonalAccount"}, {"name": "host", "value": "oleg-BOM-WXX9"}, {"name": "thread", "value": "75294-MainThread"}, {"name": "framework", "value": "pytest"}, {"name": "language", "value": "cpython3"}, {"name": "package", "value": "tests.test_personal_account"}]}